{"/Users/cristhianlaurente/projects/poc-analyzer/src/analyze.ts": {"path":"/Users/cristhianlaurente/projects/poc-analyzer/src/analyze.ts","statementMap":{"0":{"start":{"line":22,"column":8},"end":{"line":22,"column":null}},"1":{"start":{"line":23,"column":2},"end":{"line":23,"column":null}},"2":{"start":{"line":25,"column":8},"end":{"line":25,"column":null}},"3":{"start":{"line":26,"column":8},"end":{"line":26,"column":null}},"4":{"start":{"line":27,"column":20},"end":{"line":29,"column":null}},"5":{"start":{"line":31,"column":2},"end":{"line":31,"column":null}},"6":{"start":{"line":38,"column":50},"end":{"line":38,"column":null}},"7":{"start":{"line":40,"column":15},"end":{"line":40,"column":null}},"8":{"start":{"line":42,"column":2},"end":{"line":46,"column":null}},"9":{"start":{"line":43,"column":4},"end":{"line":43,"column":null}},"10":{"start":{"line":44,"column":4},"end":{"line":44,"column":null}},"11":{"start":{"line":45,"column":4},"end":{"line":45,"column":null}},"12":{"start":{"line":48,"column":16},"end":{"line":48,"column":null}},"13":{"start":{"line":50,"column":8},"end":{"line":50,"column":null}},"14":{"start":{"line":52,"column":2},"end":{"line":52,"column":null}},"15":{"start":{"line":53,"column":2},"end":{"line":53,"column":null}},"16":{"start":{"line":55,"column":21},"end":{"line":55,"column":null}},"17":{"start":{"line":57,"column":17},"end":{"line":57,"column":null}},"18":{"start":{"line":59,"column":2},"end":{"line":66,"column":null}},"19":{"start":{"line":60,"column":4},"end":{"line":60,"column":null}},"20":{"start":{"line":61,"column":4},"end":{"line":65,"column":null}},"21":{"start":{"line":62,"column":6},"end":{"line":62,"column":null}},"22":{"start":{"line":64,"column":6},"end":{"line":64,"column":null}},"23":{"start":{"line":68,"column":2},"end":{"line":68,"column":null}},"24":{"start":{"line":70,"column":2},"end":{"line":70,"column":null}},"25":{"start":{"line":74,"column":2},"end":{"line":74,"column":null}},"26":{"start":{"line":76,"column":15},"end":{"line":76,"column":null}},"27":{"start":{"line":78,"column":2},"end":{"line":78,"column":null}},"28":{"start":{"line":79,"column":2},"end":{"line":79,"column":null}},"29":{"start":{"line":80,"column":2},"end":{"line":80,"column":null}},"30":{"start":{"line":82,"column":2},"end":{"line":93,"column":null}},"31":{"start":{"line":83,"column":4},"end":{"line":83,"column":null}},"32":{"start":{"line":84,"column":4},"end":{"line":84,"column":null}},"33":{"start":{"line":86,"column":4},"end":{"line":89,"column":null}},"34":{"start":{"line":87,"column":6},"end":{"line":87,"column":null}},"35":{"start":{"line":88,"column":6},"end":{"line":88,"column":null}},"36":{"start":{"line":91,"column":4},"end":{"line":91,"column":null}},"37":{"start":{"line":92,"column":4},"end":{"line":92,"column":null}}},"fnMap":{"0":{"name":"createDependencies","decl":{"start":{"line":21,"column":16},"end":{"line":21,"column":35}},"loc":{"start":{"line":21,"column":87},"end":{"line":32,"column":null}},"line":21},"1":{"name":"runAnalysis","decl":{"start":{"line":34,"column":22},"end":{"line":34,"column":null}},"loc":{"start":{"line":37,"column":19},"end":{"line":71,"column":null}},"line":37},"2":{"name":"main","decl":{"start":{"line":73,"column":22},"end":{"line":73,"column":29}},"loc":{"start":{"line":73,"column":29},"end":{"line":94,"column":null}},"line":73}},"branchMap":{"0":{"loc":{"start":{"line":21,"column":35},"end":{"line":21,"column":87}},"type":"default-arg","locations":[{"start":{"line":21,"column":61},"end":{"line":21,"column":87}}],"line":21},"1":{"loc":{"start":{"line":27,"column":20},"end":{"line":29,"column":null}},"type":"cond-expr","locations":[{"start":{"line":28,"column":6},"end":{"line":28,"column":null}},{"start":{"line":28,"column":53},"end":{"line":29,"column":null}}],"line":27},"2":{"loc":{"start":{"line":36,"column":2},"end":{"line":36,"column":null}},"type":"default-arg","locations":[{"start":{"line":36,"column":28},"end":{"line":36,"column":null}}],"line":36},"3":{"loc":{"start":{"line":42,"column":2},"end":{"line":46,"column":null}},"type":"if","locations":[{"start":{"line":42,"column":2},"end":{"line":46,"column":null}},{"start":{},"end":{}}],"line":42},"4":{"loc":{"start":{"line":61,"column":4},"end":{"line":65,"column":null}},"type":"if","locations":[{"start":{"line":61,"column":4},"end":{"line":65,"column":null}},{"start":{"line":63,"column":11},"end":{"line":65,"column":null}}],"line":61},"5":{"loc":{"start":{"line":86,"column":4},"end":{"line":89,"column":null}},"type":"if","locations":[{"start":{"line":86,"column":4},"end":{"line":89,"column":null}},{"start":{},"end":{}}],"line":86},"6":{"loc":{"start":{"line":88,"column":19},"end":{"line":88,"column":44}},"type":"cond-expr","locations":[{"start":{"line":88,"column":39},"end":{"line":88,"column":43}},{"start":{"line":88,"column":43},"end":{"line":88,"column":44}}],"line":88}},"s":{"0":0,"1":0,"2":0,"3":0,"4":0,"5":0,"6":0,"7":0,"8":0,"9":0,"10":0,"11":0,"12":0,"13":0,"14":0,"15":0,"16":0,"17":0,"18":0,"19":0,"20":0,"21":0,"22":0,"23":0,"24":0,"25":0,"26":0,"27":0,"28":0,"29":0,"30":0,"31":0,"32":0,"33":0,"34":0,"35":0,"36":0,"37":0},"f":{"0":0,"1":0,"2":0},"b":{"0":[0],"1":[0,0],"2":[0],"3":[0,0],"4":[0,0],"5":[0,0],"6":[0,0]},"meta":{"lastBranch":7,"lastFunction":3,"lastStatement":38,"seen":{"f:21:16:21:35":0,"b:21:61:21:87":0,"s:22:8:22:Infinity":0,"s:23:2:23:Infinity":1,"s:25:8:25:Infinity":2,"s:26:8:26:Infinity":3,"s:27:20:29:Infinity":4,"b:28:6:28:Infinity:28:53:29:Infinity":1,"s:31:2:31:Infinity":5,"f:34:22:34:Infinity":1,"b:36:28:36:Infinity":2,"s:38:50:38:Infinity":6,"s:40:15:40:Infinity":7,"b:42:2:46:Infinity:undefined:undefined:undefined:undefined":3,"s:42:2:46:Infinity":8,"s:43:4:43:Infinity":9,"s:44:4:44:Infinity":10,"s:45:4:45:Infinity":11,"s:48:16:48:Infinity":12,"s:50:8:50:Infinity":13,"s:52:2:52:Infinity":14,"s:53:2:53:Infinity":15,"s:55:21:55:Infinity":16,"s:57:17:57:Infinity":17,"s:59:2:66:Infinity":18,"s:60:4:60:Infinity":19,"b:61:4:65:Infinity:63:11:65:Infinity":4,"s:61:4:65:Infinity":20,"s:62:6:62:Infinity":21,"s:64:6:64:Infinity":22,"s:68:2:68:Infinity":23,"s:70:2:70:Infinity":24,"f:73:22:73:29":2,"s:74:2:74:Infinity":25,"s:76:15:76:Infinity":26,"s:78:2:78:Infinity":27,"s:79:2:79:Infinity":28,"s:80:2:80:Infinity":29,"s:82:2:93:Infinity":30,"s:83:4:83:Infinity":31,"s:84:4:84:Infinity":32,"b:86:4:89:Infinity:undefined:undefined:undefined:undefined":5,"s:86:4:89:Infinity":33,"s:87:6:87:Infinity":34,"s:88:6:88:Infinity":35,"b:88:39:88:43:88:43:88:44":6,"s:91:4:91:Infinity":36,"s:92:4:92:Infinity":37}}}
,"/Users/cristhianlaurente/projects/poc-analyzer/src/config.ts": {"path":"/Users/cristhianlaurente/projects/poc-analyzer/src/config.ts","statementMap":{"0":{"start":{"line":4,"column":27},"end":{"line":4,"column":null}},"1":{"start":{"line":5,"column":25},"end":{"line":5,"column":null}},"2":{"start":{"line":6,"column":22},"end":{"line":6,"column":null}},"3":{"start":{"line":7,"column":27},"end":{"line":7,"column":null}},"4":{"start":{"line":8,"column":28},"end":{"line":8,"column":null}},"5":{"start":{"line":9,"column":31},"end":{"line":9,"column":null}},"6":{"start":{"line":11,"column":22},"end":{"line":38,"column":null}},"7":{"start":{"line":13,"column":4},"end":{"line":13,"column":null}},"8":{"start":{"line":17,"column":4},"end":{"line":17,"column":null}},"9":{"start":{"line":21,"column":4},"end":{"line":21,"column":null}},"10":{"start":{"line":25,"column":21},"end":{"line":25,"column":null}},"11":{"start":{"line":26,"column":4},"end":{"line":26,"column":null}},"12":{"start":{"line":30,"column":21},"end":{"line":30,"column":null}},"13":{"start":{"line":31,"column":4},"end":{"line":31,"column":null}},"14":{"start":{"line":35,"column":21},"end":{"line":35,"column":null}},"15":{"start":{"line":36,"column":4},"end":{"line":36,"column":null}},"16":{"start":{"line":41,"column":2},"end":{"line":48,"column":null}},"17":{"start":{"line":52,"column":27},"end":{"line":52,"column":null}},"18":{"start":{"line":54,"column":2},"end":{"line":56,"column":null}},"19":{"start":{"line":55,"column":4},"end":{"line":55,"column":null}},"20":{"start":{"line":58,"column":2},"end":{"line":60,"column":null}},"21":{"start":{"line":59,"column":4},"end":{"line":59,"column":null}},"22":{"start":{"line":62,"column":2},"end":{"line":64,"column":null}},"23":{"start":{"line":63,"column":4},"end":{"line":63,"column":null}},"24":{"start":{"line":66,"column":2},"end":{"line":68,"column":null}},"25":{"start":{"line":67,"column":4},"end":{"line":67,"column":null}},"26":{"start":{"line":70,"column":2},"end":{"line":72,"column":null}},"27":{"start":{"line":71,"column":4},"end":{"line":71,"column":null}},"28":{"start":{"line":74,"column":2},"end":{"line":76,"column":null}},"29":{"start":{"line":75,"column":4},"end":{"line":75,"column":null}},"30":{"start":{"line":81,"column":4},"end":{"line":81,"column":null}},"31":{"start":{"line":82,"column":4},"end":{"line":82,"column":null}}},"fnMap":{"0":{"name":"(anonymous_0)","decl":{"start":{"line":12,"column":6},"end":{"line":12,"column":30}},"loc":{"start":{"line":12,"column":30},"end":{"line":14,"column":null}},"line":12},"1":{"name":"(anonymous_1)","decl":{"start":{"line":16,"column":6},"end":{"line":16,"column":28}},"loc":{"start":{"line":16,"column":28},"end":{"line":18,"column":null}},"line":16},"2":{"name":"(anonymous_2)","decl":{"start":{"line":20,"column":6},"end":{"line":20,"column":22}},"loc":{"start":{"line":20,"column":22},"end":{"line":22,"column":null}},"line":20},"3":{"name":"(anonymous_3)","decl":{"start":{"line":24,"column":6},"end":{"line":24,"column":26}},"loc":{"start":{"line":24,"column":26},"end":{"line":27,"column":null}},"line":24},"4":{"name":"(anonymous_4)","decl":{"start":{"line":29,"column":6},"end":{"line":29,"column":28}},"loc":{"start":{"line":29,"column":28},"end":{"line":32,"column":null}},"line":29},"5":{"name":"(anonymous_5)","decl":{"start":{"line":34,"column":6},"end":{"line":34,"column":30}},"loc":{"start":{"line":34,"column":30},"end":{"line":37,"column":null}},"line":34},"6":{"name":"getConfig","decl":{"start":{"line":40,"column":16},"end":{"line":40,"column":36}},"loc":{"start":{"line":40,"column":36},"end":{"line":49,"column":null}},"line":40},"7":{"name":"validateConfig","decl":{"start":{"line":51,"column":16},"end":{"line":51,"column":31}},"loc":{"start":{"line":51,"column":53},"end":{"line":77,"column":null}},"line":51},"8":{"name":"(anonymous_8)","decl":{"start":{"line":80,"column":2},"end":{"line":80,"column":14}},"loc":{"start":{"line":80,"column":31},"end":{"line":83,"column":null}},"line":80}},"branchMap":{"0":{"loc":{"start":{"line":13,"column":19},"end":{"line":13,"column":68}},"type":"binary-expr","locations":[{"start":{"line":13,"column":19},"end":{"line":13,"column":50}},{"start":{"line":13,"column":50},"end":{"line":13,"column":68}}],"line":13},"1":{"loc":{"start":{"line":17,"column":19},"end":{"line":17,"column":64}},"type":"binary-expr","locations":[{"start":{"line":17,"column":19},"end":{"line":17,"column":48}},{"start":{"line":17,"column":48},"end":{"line":17,"column":64}}],"line":17},"2":{"loc":{"start":{"line":21,"column":11},"end":{"line":21,"column":null}},"type":"binary-expr","locations":[{"start":{"line":21,"column":11},"end":{"line":21,"column":39}},{"start":{"line":21,"column":39},"end":{"line":21,"column":null}}],"line":21},"3":{"loc":{"start":{"line":26,"column":11},"end":{"line":26,"column":null}},"type":"cond-expr","locations":[{"start":{"line":26,"column":22},"end":{"line":26,"column":47}},{"start":{"line":26,"column":47},"end":{"line":26,"column":null}}],"line":26},"4":{"loc":{"start":{"line":31,"column":11},"end":{"line":31,"column":null}},"type":"cond-expr","locations":[{"start":{"line":31,"column":22},"end":{"line":31,"column":45}},{"start":{"line":31,"column":45},"end":{"line":31,"column":null}}],"line":31},"5":{"loc":{"start":{"line":36,"column":11},"end":{"line":36,"column":null}},"type":"cond-expr","locations":[{"start":{"line":36,"column":22},"end":{"line":36,"column":45}},{"start":{"line":36,"column":45},"end":{"line":36,"column":null}}],"line":36},"6":{"loc":{"start":{"line":54,"column":2},"end":{"line":56,"column":null}},"type":"if","locations":[{"start":{"line":54,"column":2},"end":{"line":56,"column":null}},{"start":{},"end":{}}],"line":54},"7":{"loc":{"start":{"line":58,"column":2},"end":{"line":60,"column":null}},"type":"if","locations":[{"start":{"line":58,"column":2},"end":{"line":60,"column":null}},{"start":{},"end":{}}],"line":58},"8":{"loc":{"start":{"line":62,"column":2},"end":{"line":64,"column":null}},"type":"if","locations":[{"start":{"line":62,"column":2},"end":{"line":64,"column":null}},{"start":{},"end":{}}],"line":62},"9":{"loc":{"start":{"line":66,"column":2},"end":{"line":68,"column":null}},"type":"if","locations":[{"start":{"line":66,"column":2},"end":{"line":68,"column":null}},{"start":{},"end":{}}],"line":66},"10":{"loc":{"start":{"line":70,"column":2},"end":{"line":72,"column":null}},"type":"if","locations":[{"start":{"line":70,"column":2},"end":{"line":72,"column":null}},{"start":{},"end":{}}],"line":70},"11":{"loc":{"start":{"line":70,"column":6},"end":{"line":70,"column":56}},"type":"binary-expr","locations":[{"start":{"line":70,"column":6},"end":{"line":70,"column":32}},{"start":{"line":70,"column":32},"end":{"line":70,"column":56}}],"line":70},"12":{"loc":{"start":{"line":74,"column":2},"end":{"line":76,"column":null}},"type":"if","locations":[{"start":{"line":74,"column":2},"end":{"line":76,"column":null}},{"start":{},"end":{}}],"line":74}},"s":{"0":1,"1":1,"2":1,"3":1,"4":1,"5":1,"6":1,"7":3,"8":3,"9":3,"10":3,"11":3,"12":3,"13":3,"14":3,"15":3,"16":2,"17":5,"18":5,"19":1,"20":5,"21":1,"22":5,"23":0,"24":5,"25":1,"26":5,"27":1,"28":5,"29":4,"30":4,"31":4},"f":{"0":3,"1":3,"2":3,"3":3,"4":3,"5":3,"6":2,"7":5,"8":4},"b":{"0":[3,2],"1":[3,2],"2":[3,2],"3":[1,2],"4":[1,2],"5":[1,2],"6":[1,4],"7":[1,4],"8":[0,5],"9":[1,4],"10":[1,4],"11":[5,5],"12":[4,1]},"meta":{"lastBranch":13,"lastFunction":9,"lastStatement":32,"seen":{"s:4:27:4:Infinity":0,"s:5:25:5:Infinity":1,"s:6:22:6:Infinity":2,"s:7:27:7:Infinity":3,"s:8:28:8:Infinity":4,"s:9:31:9:Infinity":5,"s:11:22:38:Infinity":6,"f:12:6:12:30":0,"s:13:4:13:Infinity":7,"b:13:19:13:50:13:50:13:68":0,"f:16:6:16:28":1,"s:17:4:17:Infinity":8,"b:17:19:17:48:17:48:17:64":1,"f:20:6:20:22":2,"s:21:4:21:Infinity":9,"b:21:11:21:39:21:39:21:Infinity":2,"f:24:6:24:26":3,"s:25:21:25:Infinity":10,"s:26:4:26:Infinity":11,"b:26:22:26:47:26:47:26:Infinity":3,"f:29:6:29:28":4,"s:30:21:30:Infinity":12,"s:31:4:31:Infinity":13,"b:31:22:31:45:31:45:31:Infinity":4,"f:34:6:34:30":5,"s:35:21:35:Infinity":14,"s:36:4:36:Infinity":15,"b:36:22:36:45:36:45:36:Infinity":5,"f:40:16:40:36":6,"s:41:2:48:Infinity":16,"f:51:16:51:31":7,"s:52:27:52:Infinity":17,"b:54:2:56:Infinity:undefined:undefined:undefined:undefined":6,"s:54:2:56:Infinity":18,"s:55:4:55:Infinity":19,"b:58:2:60:Infinity:undefined:undefined:undefined:undefined":7,"s:58:2:60:Infinity":20,"s:59:4:59:Infinity":21,"b:62:2:64:Infinity:undefined:undefined:undefined:undefined":8,"s:62:2:64:Infinity":22,"s:63:4:63:Infinity":23,"b:66:2:68:Infinity:undefined:undefined:undefined:undefined":9,"s:66:2:68:Infinity":24,"s:67:4:67:Infinity":25,"b:70:2:72:Infinity:undefined:undefined:undefined:undefined":10,"s:70:2:72:Infinity":26,"b:70:6:70:32:70:32:70:56":11,"s:71:4:71:Infinity":27,"b:74:2:76:Infinity:undefined:undefined:undefined:undefined":12,"s:74:2:76:Infinity":28,"s:75:4:75:Infinity":29,"f:80:2:80:14":8,"s:81:4:81:Infinity":30,"s:82:4:82:Infinity":31}}}
,"/Users/cristhianlaurente/projects/poc-analyzer/src/error.ts": {"path":"/Users/cristhianlaurente/projects/poc-analyzer/src/error.ts","statementMap":{"0":{"start":{"line":14,"column":4},"end":{"line":14,"column":null}},"1":{"start":{"line":10,"column":20},"end":{"line":10,"column":null}},"2":{"start":{"line":12,"column":20},"end":{"line":12,"column":43}},"3":{"start":{"line":15,"column":4},"end":{"line":15,"column":null}},"4":{"start":{"line":16,"column":4},"end":{"line":16,"column":null}},"5":{"start":{"line":22,"column":4},"end":{"line":26,"column":null}},"6":{"start":{"line":27,"column":4},"end":{"line":27,"column":null}},"7":{"start":{"line":33,"column":4},"end":{"line":33,"column":null}},"8":{"start":{"line":34,"column":4},"end":{"line":34,"column":null}},"9":{"start":{"line":40,"column":4},"end":{"line":44,"column":null}},"10":{"start":{"line":45,"column":4},"end":{"line":45,"column":null}},"11":{"start":{"line":53,"column":4},"end":{"line":53,"column":null}},"12":{"start":{"line":54,"column":4},"end":{"line":54,"column":null}},"13":{"start":{"line":55,"column":4},"end":{"line":57,"column":null}},"14":{"start":{"line":56,"column":6},"end":{"line":56,"column":null}},"15":{"start":{"line":63,"column":4},"end":{"line":63,"column":null}},"16":{"start":{"line":64,"column":4},"end":{"line":64,"column":null}}},"fnMap":{"0":{"name":"(anonymous_0)","decl":{"start":{"line":9,"column":2},"end":{"line":9,"column":null}},"loc":{"start":{"line":13,"column":4},"end":{"line":17,"column":null}},"line":13},"1":{"name":"(anonymous_1)","decl":{"start":{"line":21,"column":2},"end":{"line":21,"column":14}},"loc":{"start":{"line":21,"column":47},"end":{"line":28,"column":null}},"line":21},"2":{"name":"(anonymous_2)","decl":{"start":{"line":32,"column":2},"end":{"line":32,"column":14}},"loc":{"start":{"line":32,"column":32},"end":{"line":35,"column":null}},"line":32},"3":{"name":"(anonymous_3)","decl":{"start":{"line":39,"column":2},"end":{"line":39,"column":14}},"loc":{"start":{"line":39,"column":47},"end":{"line":46,"column":null}},"line":39},"4":{"name":"(anonymous_4)","decl":{"start":{"line":52,"column":2},"end":{"line":52,"column":14}},"loc":{"start":{"line":52,"column":46},"end":{"line":58,"column":null}},"line":52},"5":{"name":"(anonymous_5)","decl":{"start":{"line":62,"column":2},"end":{"line":62,"column":14}},"loc":{"start":{"line":62,"column":31},"end":{"line":65,"column":null}},"line":62}},"branchMap":{"0":{"loc":{"start":{"line":12,"column":20},"end":{"line":12,"column":null}},"type":"default-arg","locations":[{"start":{"line":12,"column":43},"end":{"line":12,"column":null}}],"line":12},"1":{"loc":{"start":{"line":24,"column":49},"end":{"line":24,"column":89}},"type":"cond-expr","locations":[{"start":{"line":24,"column":57},"end":{"line":24,"column":87}},{"start":{"line":24,"column":87},"end":{"line":24,"column":89}}],"line":24},"2":{"loc":{"start":{"line":42,"column":46},"end":{"line":42,"column":86}},"type":"cond-expr","locations":[{"start":{"line":42,"column":54},"end":{"line":42,"column":84}},{"start":{"line":42,"column":84},"end":{"line":42,"column":86}}],"line":42},"3":{"loc":{"start":{"line":55,"column":4},"end":{"line":57,"column":null}},"type":"if","locations":[{"start":{"line":55,"column":4},"end":{"line":57,"column":null}},{"start":{},"end":{}}],"line":55}},"s":{"0":10,"1":10,"2":10,"3":10,"4":10,"5":2,"6":2,"7":1,"8":1,"9":2,"10":2,"11":2,"12":2,"13":2,"14":1,"15":3,"16":3},"f":{"0":10,"1":2,"2":1,"3":2,"4":2,"5":3},"b":{"0":[10],"1":[1,1],"2":[1,1],"3":[1,1]},"meta":{"lastBranch":4,"lastFunction":6,"lastStatement":17,"seen":{"f:9:2:9:Infinity":0,"b:12:43:12:Infinity":0,"s:14:4:14:Infinity":0,"s:10:20:10:Infinity":1,"s:12:20:12:43":2,"s:15:4:15:Infinity":3,"s:16:4:16:Infinity":4,"f:21:2:21:14":1,"s:22:4:26:Infinity":5,"b:24:57:24:87:24:87:24:89":1,"s:27:4:27:Infinity":6,"f:32:2:32:14":2,"s:33:4:33:Infinity":7,"s:34:4:34:Infinity":8,"f:39:2:39:14":3,"s:40:4:44:Infinity":9,"b:42:54:42:84:42:84:42:86":2,"s:45:4:45:Infinity":10,"f:52:2:52:14":4,"s:53:4:53:Infinity":11,"s:54:4:54:Infinity":12,"b:55:4:57:Infinity:undefined:undefined:undefined:undefined":3,"s:55:4:57:Infinity":13,"s:56:6:56:Infinity":14,"f:62:2:62:14":5,"s:63:4:63:Infinity":15,"s:64:4:64:Infinity":16}}}
,"/Users/cristhianlaurente/projects/poc-analyzer/src/git.ts": {"path":"/Users/cristhianlaurente/projects/poc-analyzer/src/git.ts","statementMap":{"0":{"start":{"line":6,"column":2},"end":{"line":38,"column":null}},"1":{"start":{"line":8,"column":39},"end":{"line":12,"column":null}},"2":{"start":{"line":14,"column":6},"end":{"line":20,"column":null}},"3":{"start":{"line":15,"column":14},"end":{"line":15,"column":null}},"4":{"start":{"line":16,"column":8},"end":{"line":16,"column":null}},"5":{"start":{"line":18,"column":26},"end":{"line":18,"column":null}},"6":{"start":{"line":19,"column":8},"end":{"line":19,"column":null}},"7":{"start":{"line":24,"column":39},"end":{"line":28,"column":null}},"8":{"start":{"line":30,"column":6},"end":{"line":36,"column":null}},"9":{"start":{"line":31,"column":14},"end":{"line":31,"column":null}},"10":{"start":{"line":32,"column":8},"end":{"line":32,"column":null}},"11":{"start":{"line":34,"column":26},"end":{"line":34,"column":null}},"12":{"start":{"line":35,"column":8},"end":{"line":35,"column":null}},"13":{"start":{"line":42,"column":35},"end":{"line":45,"column":null}},"14":{"start":{"line":47,"column":2},"end":{"line":52,"column":null}},"15":{"start":{"line":48,"column":10},"end":{"line":48,"column":null}},"16":{"start":{"line":49,"column":4},"end":{"line":49,"column":null}},"17":{"start":{"line":51,"column":4},"end":{"line":51,"column":null}}},"fnMap":{"0":{"name":"createGitOperations","decl":{"start":{"line":5,"column":16},"end":{"line":5,"column":53}},"loc":{"start":{"line":5,"column":53},"end":{"line":39,"column":null}},"line":5},"1":{"name":"(anonymous_1)","decl":{"start":{"line":7,"column":4},"end":{"line":7,"column":12}},"loc":{"start":{"line":7,"column":38},"end":{"line":21,"column":null}},"line":7},"2":{"name":"(anonymous_2)","decl":{"start":{"line":23,"column":4},"end":{"line":23,"column":22}},"loc":{"start":{"line":23,"column":64},"end":{"line":37,"column":null}},"line":23},"3":{"name":"hasUncommittedChanges","decl":{"start":{"line":41,"column":16},"end":{"line":41,"column":38}},"loc":{"start":{"line":41,"column":65},"end":{"line":53,"column":null}},"line":41}},"branchMap":{},"s":{"0":0,"1":0,"2":0,"3":0,"4":0,"5":0,"6":0,"7":0,"8":0,"9":0,"10":0,"11":0,"12":0,"13":0,"14":0,"15":0,"16":0,"17":0},"f":{"0":0,"1":0,"2":0,"3":0},"b":{},"meta":{"lastBranch":0,"lastFunction":4,"lastStatement":18,"seen":{"f:5:16:5:53":0,"s:6:2:38:Infinity":0,"f:7:4:7:12":1,"s:8:39:12:Infinity":1,"s:14:6:20:Infinity":2,"s:15:14:15:Infinity":3,"s:16:8:16:Infinity":4,"s:18:26:18:Infinity":5,"s:19:8:19:Infinity":6,"f:23:4:23:22":2,"s:24:39:28:Infinity":7,"s:30:6:36:Infinity":8,"s:31:14:31:Infinity":9,"s:32:8:32:Infinity":10,"s:34:26:34:Infinity":11,"s:35:8:35:Infinity":12,"f:41:16:41:38":3,"s:42:35:45:Infinity":13,"s:47:2:52:Infinity":14,"s:48:10:48:Infinity":15,"s:49:4:49:Infinity":16,"s:51:4:51:Infinity":17}}}
,"/Users/cristhianlaurente/projects/poc-analyzer/src/index.ts": {"path":"/Users/cristhianlaurente/projects/poc-analyzer/src/index.ts","statementMap":{},"fnMap":{},"branchMap":{},"s":{},"f":{},"b":{},"meta":{"lastBranch":0,"lastFunction":0,"lastStatement":0,"seen":{}}}
,"/Users/cristhianlaurente/projects/poc-analyzer/src/llm.ts": {"path":"/Users/cristhianlaurente/projects/poc-analyzer/src/llm.ts","statementMap":{"0":{"start":{"line":6,"column":17},"end":{"line":6,"column":null}},"1":{"start":{"line":8,"column":2},"end":{"line":47,"column":null}},"2":{"start":{"line":10,"column":6},"end":{"line":45,"column":null}},"3":{"start":{"line":11,"column":23},"end":{"line":20,"column":null}},"4":{"start":{"line":13,"column":41},"end":{"line":13,"column":78}},"5":{"start":{"line":22,"column":21},"end":{"line":22,"column":null}},"6":{"start":{"line":24,"column":8},"end":{"line":33,"column":null}},"7":{"start":{"line":25,"column":10},"end":{"line":25,"column":null}},"8":{"start":{"line":26,"column":10},"end":{"line":32,"column":null}},"9":{"start":{"line":35,"column":8},"end":{"line":41,"column":null}},"10":{"start":{"line":43,"column":25},"end":{"line":43,"column":null}},"11":{"start":{"line":44,"column":8},"end":{"line":44,"column":null}},"12":{"start":{"line":52,"column":4},"end":{"line":52,"column":null}},"13":{"start":{"line":60,"column":4},"end":{"line":60,"column":null}},"14":{"start":{"line":64,"column":4},"end":{"line":72,"column":null}},"15":{"start":{"line":65,"column":6},"end":{"line":71,"column":null}},"16":{"start":{"line":74,"column":4},"end":{"line":80,"column":null}}},"fnMap":{"0":{"name":"createOllamaClient","decl":{"start":{"line":5,"column":16},"end":{"line":5,"column":35}},"loc":{"start":{"line":5,"column":62},"end":{"line":48,"column":null}},"line":5},"1":{"name":"(anonymous_1)","decl":{"start":{"line":9,"column":11},"end":{"line":9,"column":16}},"loc":{"start":{"line":9,"column":92},"end":{"line":46,"column":null}},"line":9},"2":{"name":"(anonymous_2)","decl":{"start":{"line":13,"column":33},"end":{"line":13,"column":34}},"loc":{"start":{"line":13,"column":41},"end":{"line":13,"column":78}},"line":13},"3":{"name":"(anonymous_3)","decl":{"start":{"line":51,"column":2},"end":{"line":51,"column":9}},"loc":{"start":{"line":51,"column":36},"end":{"line":53,"column":null}},"line":51},"4":{"name":"(anonymous_4)","decl":{"start":{"line":59,"column":2},"end":{"line":59,"column":14}},"loc":{"start":{"line":59,"column":55},"end":{"line":61,"column":null}},"line":59},"5":{"name":"(anonymous_5)","decl":{"start":{"line":63,"column":9},"end":{"line":63,"column":14}},"loc":{"start":{"line":63,"column":91},"end":{"line":81,"column":null}},"line":63}},"branchMap":{"0":{"loc":{"start":{"line":12,"column":17},"end":{"line":12,"column":null}},"type":"binary-expr","locations":[{"start":{"line":12,"column":17},"end":{"line":12,"column":35}},{"start":{"line":12,"column":35},"end":{"line":12,"column":null}}],"line":12},"1":{"loc":{"start":{"line":16,"column":25},"end":{"line":16,"column":null}},"type":"binary-expr","locations":[{"start":{"line":16,"column":25},"end":{"line":16,"column":47}},{"start":{"line":16,"column":47},"end":{"line":16,"column":null}}],"line":16},"2":{"loc":{"start":{"line":17,"column":25},"end":{"line":17,"column":null}},"type":"binary-expr","locations":[{"start":{"line":17,"column":25},"end":{"line":17,"column":49}},{"start":{"line":17,"column":49},"end":{"line":17,"column":null}}],"line":17},"3":{"loc":{"start":{"line":59,"column":14},"end":{"line":59,"column":55}},"type":"default-arg","locations":[{"start":{"line":59,"column":36},"end":{"line":59,"column":55}}],"line":59},"4":{"loc":{"start":{"line":77,"column":17},"end":{"line":77,"column":null}},"type":"binary-expr","locations":[{"start":{"line":77,"column":17},"end":{"line":77,"column":62}},{"start":{"line":77,"column":62},"end":{"line":77,"column":null}}],"line":77}},"s":{"0":0,"1":0,"2":0,"3":0,"4":0,"5":0,"6":0,"7":0,"8":0,"9":0,"10":0,"11":0,"12":0,"13":5,"14":5,"15":5,"16":5},"f":{"0":0,"1":0,"2":0,"3":0,"4":5,"5":5},"b":{"0":[0,0],"1":[0,0],"2":[0,0],"3":[5],"4":[5,1]},"meta":{"lastBranch":5,"lastFunction":6,"lastStatement":17,"seen":{"f:5:16:5:35":0,"s:6:17:6:Infinity":0,"s:8:2:47:Infinity":1,"f:9:11:9:16":1,"s:10:6:45:Infinity":2,"s:11:23:20:Infinity":3,"b:12:17:12:35:12:35:12:Infinity":0,"f:13:33:13:34":2,"s:13:41:13:78":4,"b:16:25:16:47:16:47:16:Infinity":1,"b:17:25:17:49:17:49:17:Infinity":2,"s:22:21:22:Infinity":5,"s:24:8:33:Infinity":6,"s:25:10:25:Infinity":7,"s:26:10:32:Infinity":8,"s:35:8:41:Infinity":9,"s:43:25:43:Infinity":10,"s:44:8:44:Infinity":11,"f:51:2:51:9":3,"s:52:4:52:Infinity":12,"f:59:2:59:14":4,"b:59:36:59:55":3,"s:60:4:60:Infinity":13,"f:63:9:63:14":5,"s:64:4:72:Infinity":14,"s:65:6:71:Infinity":15,"s:74:4:80:Infinity":16,"b:77:17:77:62:77:62:77:Infinity":4}}}
,"/Users/cristhianlaurente/projects/poc-analyzer/src/prompt.ts": {"path":"/Users/cristhianlaurente/projects/poc-analyzer/src/prompt.ts","statementMap":{"0":{"start":{"line":8,"column":29},"end":{"line":8,"column":null}},"1":{"start":{"line":23,"column":21},"end":{"line":23,"column":null}},"2":{"start":{"line":23,"column":38},"end":{"line":23,"column":66}},"3":{"start":{"line":25,"column":23},"end":{"line":25,"column":null}},"4":{"start":{"line":26,"column":30},"end":{"line":26,"column":null}},"5":{"start":{"line":28,"column":15},"end":{"line":37,"column":null}},"6":{"start":{"line":41,"column":2},"end":{"line":43,"column":null}},"7":{"start":{"line":42,"column":4},"end":{"line":42,"column":null}},"8":{"start":{"line":45,"column":2},"end":{"line":45,"column":null}},"9":{"start":{"line":49,"column":17},"end":{"line":49,"column":null}},"10":{"start":{"line":51,"column":2},"end":{"line":51,"column":null}},"11":{"start":{"line":59,"column":27},"end":{"line":59,"column":null}},"12":{"start":{"line":60,"column":25},"end":{"line":60,"column":null}},"13":{"start":{"line":61,"column":23},"end":{"line":61,"column":null}},"14":{"start":{"line":63,"column":16},"end":{"line":63,"column":null}},"15":{"start":{"line":65,"column":2},"end":{"line":82,"column":null}},"16":{"start":{"line":66,"column":4},"end":{"line":81,"column":null}},"17":{"start":{"line":67,"column":20},"end":{"line":67,"column":null}},"18":{"start":{"line":68,"column":6},"end":{"line":70,"column":null}},"19":{"start":{"line":69,"column":8},"end":{"line":69,"column":null}},"20":{"start":{"line":71,"column":4},"end":{"line":81,"column":null}},"21":{"start":{"line":72,"column":20},"end":{"line":72,"column":null}},"22":{"start":{"line":73,"column":6},"end":{"line":75,"column":null}},"23":{"start":{"line":74,"column":8},"end":{"line":74,"column":null}},"24":{"start":{"line":76,"column":4},"end":{"line":81,"column":null}},"25":{"start":{"line":77,"column":20},"end":{"line":77,"column":null}},"26":{"start":{"line":78,"column":6},"end":{"line":80,"column":null}},"27":{"start":{"line":79,"column":8},"end":{"line":79,"column":null}},"28":{"start":{"line":84,"column":2},"end":{"line":84,"column":null}}},"fnMap":{"0":{"name":"buildAnalysisPrompt","decl":{"start":{"line":18,"column":16},"end":{"line":18,"column":null}},"loc":{"start":{"line":22,"column":10},"end":{"line":46,"column":null}},"line":22},"1":{"name":"(anonymous_1)","decl":{"start":{"line":23,"column":31},"end":{"line":23,"column":32}},"loc":{"start":{"line":23,"column":38},"end":{"line":23,"column":66}},"line":23},"2":{"name":"buildChatMessages","decl":{"start":{"line":48,"column":16},"end":{"line":48,"column":34}},"loc":{"start":{"line":48,"column":82},"end":{"line":52,"column":null}},"line":48},"3":{"name":"parseLLMResponse","decl":{"start":{"line":54,"column":16},"end":{"line":54,"column":33}},"loc":{"start":{"line":58,"column":2},"end":{"line":85,"column":null}},"line":58}},"branchMap":{"0":{"loc":{"start":{"line":21,"column":2},"end":{"line":21,"column":null}},"type":"default-arg","locations":[{"start":{"line":21,"column":27},"end":{"line":21,"column":null}}],"line":21},"1":{"loc":{"start":{"line":25,"column":23},"end":{"line":25,"column":null}},"type":"binary-expr","locations":[{"start":{"line":25,"column":23},"end":{"line":25,"column":53}},{"start":{"line":25,"column":53},"end":{"line":25,"column":null}}],"line":25},"2":{"loc":{"start":{"line":26,"column":30},"end":{"line":26,"column":null}},"type":"binary-expr","locations":[{"start":{"line":26,"column":30},"end":{"line":26,"column":61}},{"start":{"line":26,"column":61},"end":{"line":26,"column":null}}],"line":26},"3":{"loc":{"start":{"line":41,"column":2},"end":{"line":43,"column":null}},"type":"if","locations":[{"start":{"line":41,"column":2},"end":{"line":43,"column":null}},{"start":{},"end":{}}],"line":41},"4":{"loc":{"start":{"line":66,"column":4},"end":{"line":81,"column":null}},"type":"if","locations":[{"start":{"line":66,"column":4},"end":{"line":81,"column":null}},{"start":{"line":71,"column":4},"end":{"line":81,"column":null}}],"line":66},"5":{"loc":{"start":{"line":66,"column":8},"end":{"line":66,"column":98}},"type":"binary-expr","locations":[{"start":{"line":66,"column":8},"end":{"line":66,"column":36}},{"start":{"line":66,"column":36},"end":{"line":66,"column":61}},{"start":{"line":66,"column":61},"end":{"line":66,"column":98}}],"line":66},"6":{"loc":{"start":{"line":68,"column":6},"end":{"line":70,"column":null}},"type":"if","locations":[{"start":{"line":68,"column":6},"end":{"line":70,"column":null}},{"start":{},"end":{}}],"line":68},"7":{"loc":{"start":{"line":71,"column":4},"end":{"line":81,"column":null}},"type":"if","locations":[{"start":{"line":71,"column":4},"end":{"line":81,"column":null}},{"start":{"line":76,"column":4},"end":{"line":81,"column":null}}],"line":71},"8":{"loc":{"start":{"line":73,"column":6},"end":{"line":75,"column":null}},"type":"if","locations":[{"start":{"line":73,"column":6},"end":{"line":75,"column":null}},{"start":{},"end":{}}],"line":73},"9":{"loc":{"start":{"line":76,"column":4},"end":{"line":81,"column":null}},"type":"if","locations":[{"start":{"line":76,"column":4},"end":{"line":81,"column":null}},{"start":{},"end":{}}],"line":76},"10":{"loc":{"start":{"line":78,"column":6},"end":{"line":80,"column":null}},"type":"if","locations":[{"start":{"line":78,"column":6},"end":{"line":80,"column":null}},{"start":{},"end":{}}],"line":78}},"s":{"0":1,"1":6,"2":4,"3":6,"4":6,"5":6,"6":6,"7":5,"8":6,"9":1,"10":1,"11":3,"12":3,"13":3,"14":3,"15":3,"16":6,"17":1,"18":1,"19":0,"20":5,"21":1,"22":1,"23":0,"24":4,"25":1,"26":1,"27":0,"28":3},"f":{"0":6,"1":4,"2":1,"3":3},"b":{"0":[6],"1":[6,5],"2":[6,5],"3":[5,1],"4":[1,5],"5":[6,5,0],"6":[0,1],"7":[1,4],"8":[0,1],"9":[1,3],"10":[0,1]},"meta":{"lastBranch":11,"lastFunction":4,"lastStatement":29,"seen":{"s:8:29:8:Infinity":0,"f:18:16:18:Infinity":0,"b:21:27:21:Infinity":0,"s:23:21:23:Infinity":1,"f:23:31:23:32":1,"s:23:38:23:66":2,"s:25:23:25:Infinity":3,"b:25:23:25:53:25:53:25:Infinity":1,"s:26:30:26:Infinity":4,"b:26:30:26:61:26:61:26:Infinity":2,"s:28:15:37:Infinity":5,"b:41:2:43:Infinity:undefined:undefined:undefined:undefined":3,"s:41:2:43:Infinity":6,"s:42:4:42:Infinity":7,"s:45:2:45:Infinity":8,"f:48:16:48:34":2,"s:49:17:49:Infinity":9,"s:51:2:51:Infinity":10,"f:54:16:54:33":3,"s:59:27:59:Infinity":11,"s:60:25:60:Infinity":12,"s:61:23:61:Infinity":13,"s:63:16:63:Infinity":14,"s:65:2:82:Infinity":15,"b:66:4:81:Infinity:71:4:81:Infinity":4,"s:66:4:81:Infinity":16,"b:66:8:66:36:66:36:66:61:66:61:66:98":5,"s:67:20:67:Infinity":17,"b:68:6:70:Infinity:undefined:undefined:undefined:undefined":6,"s:68:6:70:Infinity":18,"s:69:8:69:Infinity":19,"b:71:4:81:Infinity:76:4:81:Infinity":7,"s:71:4:81:Infinity":20,"s:72:20:72:Infinity":21,"b:73:6:75:Infinity:undefined:undefined:undefined:undefined":8,"s:73:6:75:Infinity":22,"s:74:8:74:Infinity":23,"b:76:4:81:Infinity:undefined:undefined:undefined:undefined":9,"s:76:4:81:Infinity":24,"s:77:20:77:Infinity":25,"b:78:6:80:Infinity:undefined:undefined:undefined:undefined":10,"s:78:6:80:Infinity":26,"s:79:8:79:Infinity":27,"s:84:2:84:Infinity":28}}}
,"/Users/cristhianlaurente/projects/poc-analyzer/src/specs.ts": {"path":"/Users/cristhianlaurente/projects/poc-analyzer/src/specs.ts","statementMap":{"0":{"start":{"line":7,"column":2},"end":{"line":30,"column":null}},"1":{"start":{"line":9,"column":12},"end":{"line":9,"column":null}},"2":{"start":{"line":11,"column":6},"end":{"line":13,"column":null}},"3":{"start":{"line":12,"column":8},"end":{"line":12,"column":null}},"4":{"start":{"line":15,"column":12},"end":{"line":15,"column":null}},"5":{"start":{"line":17,"column":6},"end":{"line":28,"column":null}},"6":{"start":{"line":18,"column":26},"end":{"line":18,"column":51}},"7":{"start":{"line":20,"column":16},"end":{"line":20,"column":null}},"8":{"start":{"line":21,"column":10},"end":{"line":27,"column":null}},"9":{"start":{"line":22,"column":18},"end":{"line":22,"column":null}},"10":{"start":{"line":23,"column":12},"end":{"line":23,"column":null}},"11":{"start":{"line":25,"column":30},"end":{"line":25,"column":null}},"12":{"start":{"line":26,"column":12},"end":{"line":26,"column":null}},"13":{"start":{"line":34,"column":2},"end":{"line":34,"column":null}},"14":{"start":{"line":34,"column":32},"end":{"line":34,"column":55}},"15":{"start":{"line":38,"column":2},"end":{"line":38,"column":null}}},"fnMap":{"0":{"name":"createSpecsReader","decl":{"start":{"line":6,"column":16},"end":{"line":6,"column":49}},"loc":{"start":{"line":6,"column":49},"end":{"line":31,"column":null}},"line":6},"1":{"name":"(anonymous_1)","decl":{"start":{"line":8,"column":4},"end":{"line":8,"column":14}},"loc":{"start":{"line":8,"column":44},"end":{"line":29,"column":null}},"line":8},"2":{"name":"(anonymous_2)","decl":{"start":{"line":18,"column":16},"end":{"line":18,"column":17}},"loc":{"start":{"line":18,"column":26},"end":{"line":18,"column":51}},"line":18},"3":{"name":"(anonymous_3)","decl":{"start":{"line":19,"column":13},"end":{"line":19,"column":14}},"loc":{"start":{"line":19,"column":23},"end":{"line":28,"column":9}},"line":19},"4":{"name":"filterSpecsByPattern","decl":{"start":{"line":33,"column":16},"end":{"line":33,"column":37}},"loc":{"start":{"line":33,"column":85},"end":{"line":35,"column":null}},"line":33},"5":{"name":"(anonymous_5)","decl":{"start":{"line":34,"column":22},"end":{"line":34,"column":23}},"loc":{"start":{"line":34,"column":32},"end":{"line":34,"column":55}},"line":34},"6":{"name":"getSpecFilesCount","decl":{"start":{"line":37,"column":16},"end":{"line":37,"column":34}},"loc":{"start":{"line":37,"column":61},"end":{"line":39,"column":null}},"line":37}},"branchMap":{"0":{"loc":{"start":{"line":11,"column":6},"end":{"line":13,"column":null}},"type":"if","locations":[{"start":{"line":11,"column":6},"end":{"line":13,"column":null}},{"start":{},"end":{}}],"line":11}},"s":{"0":0,"1":0,"2":0,"3":0,"4":0,"5":0,"6":0,"7":0,"8":0,"9":0,"10":0,"11":0,"12":0,"13":3,"14":12,"15":2},"f":{"0":0,"1":0,"2":0,"3":0,"4":3,"5":12,"6":2},"b":{"0":[0,0]},"meta":{"lastBranch":1,"lastFunction":7,"lastStatement":16,"seen":{"f:6:16:6:49":0,"s:7:2:30:Infinity":0,"f:8:4:8:14":1,"s:9:12:9:Infinity":1,"b:11:6:13:Infinity:undefined:undefined:undefined:undefined":0,"s:11:6:13:Infinity":2,"s:12:8:12:Infinity":3,"s:15:12:15:Infinity":4,"s:17:6:28:Infinity":5,"f:18:16:18:17":2,"s:18:26:18:51":6,"f:19:13:19:14":3,"s:20:16:20:Infinity":7,"s:21:10:27:Infinity":8,"s:22:18:22:Infinity":9,"s:23:12:23:Infinity":10,"s:25:30:25:Infinity":11,"s:26:12:26:Infinity":12,"f:33:16:33:37":4,"s:34:2:34:Infinity":13,"f:34:22:34:23":5,"s:34:32:34:55":14,"f:37:16:37:34":6,"s:38:2:38:Infinity":15}}}
,"/Users/cristhianlaurente/projects/poc-analyzer/src/types.ts": {"path":"/Users/cristhianlaurente/projects/poc-analyzer/src/types.ts","statementMap":{},"fnMap":{},"branchMap":{},"s":{},"f":{},"b":{},"meta":{"lastBranch":0,"lastFunction":0,"lastStatement":0,"seen":{}}}
}
